lerna(verbose) GitUtilities.isInitialized    ()
lerna(verbose) GitUtilities.isInitialized    () => true
lerna(verbose) GitUtilities.getTopLevelDirectory()
lerna(verbose) GitUtilities.getTopLevelDirectory() => "."
lerna(verbose) FileSystemUtilities.existsSync("./lerna.json")
lerna(verbose) FileSystemUtilities.existsSync("./lerna.json") => true
lerna(verbose) FileSystemUtilities.readFileSync("./lerna.json")
lerna(verbose) FileSystemUtilities.readFileSync("./lerna.json") => "{\n  \"lerna\": \"2.0.0-beta.38\",\n  \"packages\": [\n    \"packages/*\"\n  ],\n  \"version\": \"independent\"\n}"
lerna(verbose) FileSystemUtilities.existsSync("./package.json")
lerna(verbose) FileSystemUtilities.existsSync("./package.json") => true
lerna(verbose) FileSystemUtilities.readFileSync("./package.json")
lerna(verbose) FileSystemUtilities.readFileSync("./package.json") => "{\n  \"name\": \"pegakit-build-tools\",\n  \"version\": \"0.0.0\",\n  \"description\": \"A collection of front-end build tools + pre-packaged local front-end dev environment.\",\n  \"main\": \"index.js\",\n  \"repository\": {\n    \"type\": \"git\",\n    \"url\": \"https://github.com/pega-digital/pegakit-build-tools.git\"\n  },\n  \"keywords\": [\n    \"pegakit\",\n    \"build\",\n    \"tools\",\n    \"gulp\",\n    \"front-end\",\n    \"patternlab\",\n    \"build\",\n    \"workflow\",\n    \"automation\"\n  ],\n  \"author\": \"Salem Ghoweri\",\n  \"dependencies\": {\n    \"autoprefixer\": \"^6.3.6\",\n    \"babel-core\": \"^6.10.4\",\n    \"babel-loader\": \"^6.2.4\",\n    \"babel-plugin-transform-runtime\": \"^6.12.0\",\n    \"babel-preset-es2015\": \"^6.13.2\",\n    \"babel-preset-react\": \"^6.11.1\",\n    \"babel-runtime\": \"^6.11.6\",\n    \"browser-sync\": \"2.12.9\",\n    \"browser-sync-close-hook\": \"^1.0.5\",\n    \"bundle-loader\": \"^0.5.4\",\n    \"clean-css\": \"^3.4.19\",\n    \"event-stream\": \"^3.3.4\",\n    \"exports-loader\": \"^0.6.3\",\n    \"expose-loader\": \"^0.7.1\",\n    \"fs\": \"0.0.2\",\n    \"glob\": \"^7.0.6\",\n    \"gm\": \"^1.23.0\",\n    \"gulp\": \"^3.9.1\",\n    \"gulp-babel\": \"^6.1.2\",\n    \"gulp-bless\": \"^3.1.0\",\n    \"gulp-changed\": \"^1.3.2\",\n    \"gulp-cheerio\": \"^0.6.2\",\n    \"gulp-clean-css\": \"^2.0.10\",\n    \"gulp-concat\": \"^2.6.0\",\n    \"gulp-duration\": \"0.0.0\",\n    \"gulp-environments\": \"^0.1.1\",\n    \"gulp-exec\": \"^2.1.2\",\n    \"gulp-filter\": \"^4.0.0\",\n    \"gulp-gzip\": \"^1.4.0\",\n    \"gulp-help\": \"^1.6.1\",\n    \"gulp-helptext\": \"0.0.10\",\n    \"gulp-if\": \"^2.0.1\",\n    \"gulp-imagemin\": \"^3.0.3\",\n    \"gulp-import-tasks\": \"0.1.1\",\n    \"gulp-inline-fonts\": \"^1.0.1\",\n    \"gulp-less-to-scss\": \"0.0.8\",\n    \"gulp-load-plugins\": \"^1.2.4\",\n    \"gulp-newer\": \"^1.2.0\",\n    \"gulp-notify\": \"^2.2.0\",\n    \"gulp-plumber\": \"^1.1.0\",\n    \"gulp-postcss\": \"^6.2.0\",\n    \"gulp-rename\": \"^1.2.2\",\n    \"gulp-replace\": \"^0.5.4\",\n    \"gulp-sass\": \"^2.3.2\",\n    \"gulp-shell\": \"^0.5.2\",\n    \"gulp-size\": \"^2.1.0\",\n    \"gulp-sourcemaps\": \"^1.6.0\",\n    \"gulp-stylelint\": \"^3.4.0\",\n    \"gulp-stylelint-checkstyle-reporter\": \"^0.2.0\",\n    \"gulp-svgmin\": \"^1.2.2\",\n    \"gulp-svgstore\": \"^6.0.0\",\n    \"gulp-tar\": \"^1.9.0\",\n    \"gulp-uglify\": \"^1.5.4\",\n    \"gulp-util\": \"^3.0.7\",\n    \"gulp-zip\": \"^3.2.0\",\n    \"imports-loader\": \"^0.6.5\",\n    \"lerna\": \"2.0.0-beta.38\",\n    \"md5-file\": \"^3.1.1\",\n    \"merge-stream\": \"^1.0.0\",\n    \"merge2\": \"^1.0.2\",\n    \"moment\": \"^2.14.1\",\n    \"node-sass\": \"^3.10.1\",\n    \"node-sass-export\": \"0.0.2\",\n    \"node-sass-magic-importer\": \"*\",\n    \"nodemon\": \"^1.10.2\",\n    \"path\": \"^0.12.7\",\n    \"penthouse\": \"^0.9.14\",\n    \"phantomjs-prebuilt\": \"^2.1.12\",\n    \"postcss-assets\": \"^4.1.0\",\n    \"postcss-discard-duplicates\": \"^2.0.1\",\n    \"postcss-import\": \"^7.1.3\",\n    \"postcss-reporter\": \"^1.4.1\",\n    \"postcss-scss\": \"^0.3.1\",\n    \"progress\": \"^1.1.8\",\n    \"raw-loader\": \"^0.5.1\",\n    \"require-dir\": \"^0.3.0\",\n    \"run-sequence\": \"^1.2.2\",\n    \"stylelint\": \"^7.4.2\",\n    \"stylelint-config-standard\": \"^13.0.2\",\n    \"stylelint-scss\": \"^1.3.4\",\n    \"stylelint-selector-bem-pattern\": \"^1.0.0\",\n    \"support-for\": \"^1.0.6\",\n    \"through2\": \"^2.0.1\",\n    \"uglify-js\": \"^2.7.0\",\n    \"webpack\": \"^1.13.1\",\n    \"webpack-dev-middleware\": \"^1.6.1\",\n    \"webpack-dev-server\": \"^1.14.1\",\n    \"webpack-hot-middleware\": \"^2.12.2\",\n    \"webpack-module-hot-accept\": \"^1.0.4\",\n    \"webpack-stream\": \"^3.2.0\",\n    \"yargs\": \"^4.8.1\"\n  },\n  \"devDependencies\": {\n    \"isarray\": \"^2.0.1\",\n    \"lodash\": \"^4.16.6\"\n  }\n}"
lerna(info)    Lerna v2.0.0-beta.38
lerna(info)    Independent Versioning Mode
lerna(verbose) FileSystemUtilities.existsSync("./package.json")
lerna(verbose) FileSystemUtilities.existsSync("./package.json") => true
lerna(verbose) FileSystemUtilities.existsSync("./lerna.json")
lerna(verbose) FileSystemUtilities.existsSync("./lerna.json") => true
lerna(verbose) FileSystemUtilities.existsSync("./VERSION")
lerna(verbose) FileSystemUtilities.existsSync("./VERSION") => false
lerna(verbose) Attempting running PublishCommand.initialize
lerna(verbose) GitUtilities.getCurrentBranchDescription()
lerna(verbose) GitUtilities.getCurrentBranchDescription() => "master"
lerna(info)    Checking for updated packages...
lerna(verbose) GitUtilities.hasTags          ()
lerna(verbose) GitUtilities.hasTags          () => false
lerna(info)    No tags found! Comparing with initial commit.
lerna(error)   Errored while running PublishCommand.initialize
    Error: No updated packages to publish.
        at PublishCommand.initialize (/usr/local/lib/node_modules/lerna/lib/commands/PublishCommand.js:115:18)
        at PublishCommand._attempt (/usr/local/lib/node_modules/lerna/lib/Command.js:215:21)
        at PublishCommand.runCommand (/usr/local/lib/node_modules/lerna/lib/Command.js:199:12)
        at PublishCommand.run (/usr/local/lib/node_modules/lerna/lib/Command.js:110:12)
        at Object.<anonymous> (/usr/local/lib/node_modules/lerna/bin/lerna.js:72:11)
        at Module._compile (module.js:571:32)
        at Object.Module._extensions..js (module.js:580:10)
        at Module.load (module.js:488:32)
        at tryModuleLoad (module.js:447:12)
        at Function.Module._load (module.js:439:3)
