Arguments: 
  /usr/local/bin/node /usr/local/bin/yarn install --mutex network:42424 --non-interactive

PATH: 
  /Users/sghoweri/sites/bolt-design-system/bolt/packages/bolt-toolkit-core/settings/settings-colors/node_modules/.bin:/Users/sghoweri/sites/bolt-design-system/bolt/packages/bolt-toolkit-core/settings/node_modules/.bin:/Users/sghoweri/sites/bolt-design-system/bolt/packages/bolt-toolkit-core/node_modules/.bin:/Users/sghoweri/sites/bolt-design-system/bolt/packages/node_modules/.bin:/Users/sghoweri/sites/bolt-design-system/bolt/node_modules/.bin:/Users/sghoweri/sites/bolt-design-system/node_modules/.bin:/Users/sghoweri/sites/node_modules/.bin:/Users/sghoweri/node_modules/.bin:/Users/node_modules/.bin:/node_modules/.bin:/usr/local/bin:/usr/local/lib/node_modules/npm/bin/node-gyp-bin:/Users/sghoweri/sites/bolt-design-system/bolt/node_modules/.bin:/usr/local/lib/node_modules/npm/bin/node-gyp-bin:/Users/sghoweri/sites/bolt-design-system/bolt/node_modules/.bin:/Users/sghoweri/.yarn/bin:/usr/local/bin:/usr/bin:/bin:/usr/sbin:/sbin:/Users/sghoweri/.antigen/bundles/robbyrussell/oh-my-zsh/lib:/Users/sghoweri/.antigen/bundles/robbyrussell/oh-my-zsh/plugins/git:/Users/sghoweri/.antigen/bundles/akoenig/gulp-autocompletion-zsh

Yarn version: 
  0.28.4

Node version: 
  7.10.0

Platform: 
  darwin x64

npm manifest: 
  {
  	"dependencies": {
  		"@bolt/tools-export-data": "^0.1.0"
  	}
  }

yarn manifest: 
  No manifest

Lockfile: 
  No lockfile

Trace: 
  Error: https://registry.npmjs.org/@bolt%2ftools-export-data: Not found
      at Request.params.callback [as _callback] (/usr/local/lib/node_modules/yarn/lib/yarn-cli.js:59086:18)
      at Request.self.callback (/usr/local/lib/node_modules/yarn/lib/yarn-cli.js:114651:22)
      at emitTwo (events.js:106:13)
      at Request.emit (events.js:194:7)
      at Request.<anonymous> (/usr/local/lib/node_modules/yarn/lib/yarn-cli.js:115634:10)
      at emitOne (events.js:96:13)
      at Request.emit (events.js:191:7)
      at IncomingMessage.<anonymous> (/usr/local/lib/node_modules/yarn/lib/yarn-cli.js:115554:12)
      at Object.onceWrapper (events.js:293:19)
      at emitNone (events.js:91:20)
